20150518145951
20150518150140
20150518150242
20150518150557
20150525094845
$ git clone "https://ravaboard:Gembird20@github.com/ravaboard/newsfeed.git" "/var/www//releases/20150525101439" --branch="master" --depth="1"
git clone "https://ravaboard:Gembird20@github.com/ravaboard/newsfeed.git" "/var/www//releases/20150525101439" --branch="master" --depth="1"
Cloning into '/var/www//releases/20150525101439'...
$ cd /var/www//releases/20150525101439
$ git submodule update --init --recursive
cd /var/www//releases/20150525101439
git submodule update --init --recursive


/usr/local/bin/composer
$ cd /var/www//releases/20150525101439
$ /usr/local/bin/composer install --no-interaction --no-dev --prefer-dist
cd /var/www//releases/20150525101439
/usr/local/bin/composer install --no-interaction --no-dev --prefer-dist
Loading composer repositories with package information
Installing dependencies from lock file
  - Installing simplepie/simplepie (dev-master 9a9faaa)
    Loading from cache

  - Installing vlucas/phpdotenv (v1.1.0)
    Loading from cache

  - Installing symfony/var-dumper (v2.6.7)
    Loading from cache

  - Installing symfony/translation (v2.6.7)
    Loading from cache

  - Installing symfony/security-core (v2.6.7)
    Loading from cache

  - Installing symfony/routing (v2.6.7)
    Loading from cache

  - Installing symfony/process (v2.6.7)
    Loading from cache

  - Installing symfony/http-foundation (v2.6.7)
    Loading from cache

  - Installing symfony/event-dispatcher (v2.6.7)
    Loading from cache

  - Installing psr/log (1.0.0)
    Loading from cache

  - Installing symfony/debug (v2.6.7)
    Loading from cache

  - Installing symfony/http-kernel (v2.6.7)
    Loading from cache

  - Installing symfony/finder (v2.6.7)
    Loading from cache

  - Installing symfony/console (v2.6.7)
    Loading from cache

  - Installing swiftmailer/swiftmailer (v5.4.0)
    Loading from cache

  - Installing nikic/php-parser (v1.3.0)
    Loading from cache

  - Installing jakub-onderka/php-console-color (0.1)
    Loading from cache

  - Installing jakub-onderka/php-console-highlighter (v0.3.1)
    Loading from cache

  - Installing dnoegel/php-xdg-base-dir (0.1)
    Loading from cache

  - Installing psy/psysh (v0.4.4)
    Loading from cache

  - Installing nesbot/carbon (1.19.0)
    Loading from cache

  - Installing mtdowling/cron-expression (v1.0.4)
    Loading from cache

  - Installing monolog/monolog (1.13.1)
    Loading from cache

  - Installing league/flysystem (1.0.3)
    Loading from cache

  - Installing jeremeamia/superclosure (2.1.0)
    Loading from cache

  - Installing ircmaxell/password-compat (v1.0.4)
    Loading from cache

  - Installing doctrine/inflector (v1.0.1)
    Loading from cache

  - Installing danielstjules/stringy (1.9.0)
    Loading from cache

  - Installing symfony/filesystem (v2.6.7)
    Loading from cache

  - Installing classpreloader/classpreloader (1.3.0)
    Loading from cache

  - Installing laravel/framework (v5.0.31)
    Loading from cache

  - Installing awjudd/feed-reader (1.2.0)
    Loading from cache

Generating autoload files
Generating optimized class loader
Compiling common classes
/usr/bin/npm
$ cd /var/www//releases/20150525101439
$ /usr/bin/npm install
cd /var/www//releases/20150525101439
/usr/bin/npm install
npm http GET https://registry.npmjs.org/gulp
npm http GET https://registry.npmjs.org/laravel-elixir
npm http 304 https://registry.npmjs.org/gulp
npm http 304 https://registry.npmjs.org/laravel-elixir
npm http GET https://registry.npmjs.org/chalk
npm http GET https://registry.npmjs.org/archy
npm http GET https://registry.npmjs.org/gulp-util
npm http GET https://registry.npmjs.org/deprecated
npm http GET https://registry.npmjs.org/interpret
npm http GET https://registry.npmjs.org/liftoff
npm http GET https://registry.npmjs.org/minimist
npm http GET https://registry.npmjs.org/orchestrator
npm http GET https://registry.npmjs.org/pretty-hrtime
npm http GET https://registry.npmjs.org/semver
npm http GET https://registry.npmjs.org/tildify
npm http GET https://registry.npmjs.org/v8flags
npm http GET https://registry.npmjs.org/vinyl-fs
npm http 304 https://registry.npmjs.org/interpret
npm http 304 https://registry.npmjs.org/chalk
npm http 304 https://registry.npmjs.org/deprecated
npm http 304 https://registry.npmjs.org/gulp-util
npm http 304 https://registry.npmjs.org/archy
npm http 304 https://registry.npmjs.org/minimist
npm http 304 https://registry.npmjs.org/orchestrator
npm http 304 https://registry.npmjs.org/pretty-hrtime
npm http 304 https://registry.npmjs.org/semver
npm http 304 https://registry.npmjs.org/tildify
npm http 304 https://registry.npmjs.org/v8flags
npm http 304 https://registry.npmjs.org/vinyl-fs
npm http 304 https://registry.npmjs.org/liftoff
npm http GET https://registry.npmjs.org/user-home
npm http 304 https://registry.npmjs.org/user-home
npm http GET https://registry.npmjs.org/gulp-if
npm http GET https://registry.npmjs.org/gulp-concat
npm http GET https://registry.npmjs.org/gulp-less
npm http GET https://registry.npmjs.org/gulp-filter
npm http GET https://registry.npmjs.org/gulp-load-plugins
npm http GET https://registry.npmjs.org/gulp-minify-css
npm http GET https://registry.npmjs.org/gulp-notify
npm http GET https://registry.npmjs.org/gulp-phpspec
npm http GET https://registry.npmjs.org/gulp-phpunit
npm http GET https://registry.npmjs.org/gulp-rename
npm http GET https://registry.npmjs.org/gulp-rev
npm http GET https://registry.npmjs.org/gulp-ruby-sass
npm http GET https://registry.npmjs.org/gulp-sass
npm http GET https://registry.npmjs.org/gulp-shell
npm http GET https://registry.npmjs.org/gulp-uglify
npm http GET https://registry.npmjs.org/gulp-sourcemaps
npm http GET https://registry.npmjs.org/install
npm http GET https://registry.npmjs.org/main-bower-files
npm http GET https://registry.npmjs.org/merge-stream
npm http GET https://registry.npmjs.org/parse-filepath
npm http GET https://registry.npmjs.org/require-dir
npm http GET https://registry.npmjs.org/run-sequence
npm http GET https://registry.npmjs.org/underscore
npm http GET https://registry.npmjs.org/vinyl-paths
npm http GET https://registry.npmjs.org/vinyl-source-stream
npm http GET https://registry.npmjs.org/vinyl-buffer
npm http GET https://registry.npmjs.org/npm
npm http GET https://registry.npmjs.org/babelify
npm http GET https://registry.npmjs.org/del
npm http GET https://registry.npmjs.org/browserify
npm http GET https://registry.npmjs.org/gulp-autoprefixer
npm http GET https://registry.npmjs.org/gulp-coffee
npm http GET https://registry.npmjs.org/ansi-styles
npm http GET https://registry.npmjs.org/escape-string-regexp
npm http GET https://registry.npmjs.org/has-ansi
npm http GET https://registry.npmjs.org/strip-ansi
npm http GET https://registry.npmjs.org/supports-color
npm http 304 https://registry.npmjs.org/gulp-less
npm http 304 https://registry.npmjs.org/gulp-concat
npm http 304 https://registry.npmjs.org/gulp-minify-css
npm http 304 https://registry.npmjs.org/gulp-load-plugins
npm http 304 https://registry.npmjs.org/gulp-notify
npm http GET https://registry.npmjs.org/stream-consume
npm http GET https://registry.npmjs.org/end-of-stream
npm http GET https://registry.npmjs.org/sequencify
npm http 304 https://registry.npmjs.org/gulp-rename
npm http 304 https://registry.npmjs.org/gulp-rev
npm http 304 https://registry.npmjs.org/gulp-phpspec
npm http GET https://registry.npmjs.org/beeper
npm http GET https://registry.npmjs.org/dateformat
npm http GET https://registry.npmjs.org/lodash._reescape
npm http GET https://registry.npmjs.org/lodash._reevaluate
npm http 304 https://registry.npmjs.org/gulp-sass
npm http GET https://registry.npmjs.org/lodash._reinterpolate
npm http GET https://registry.npmjs.org/lodash.template
npm http GET https://registry.npmjs.org/object-assign
npm http GET https://registry.npmjs.org/through2
npm http GET https://registry.npmjs.org/multipipe
npm http GET https://registry.npmjs.org/replace-ext/0.0.1
npm http GET https://registry.npmjs.org/vinyl
npm http GET https://registry.npmjs.org/array-differ
npm http GET https://registry.npmjs.org/array-uniq
npm http 304 https://registry.npmjs.org/gulp-phpunit
npm http 304 https://registry.npmjs.org/gulp-ruby-sass
npm http GET https://registry.npmjs.org/through2
npm http GET https://registry.npmjs.org/vinyl
npm http GET https://registry.npmjs.org/graceful-fs
npm http GET https://registry.npmjs.org/defaults
npm http GET https://registry.npmjs.org/glob-watcher
npm http GET https://registry.npmjs.org/glob-stream
npm http GET https://registry.npmjs.org/mkdirp
npm http GET https://registry.npmjs.org/strip-bom
npm http 304 https://registry.npmjs.org/gulp-sourcemaps
npm http 304 https://registry.npmjs.org/install
npm http 304 https://registry.npmjs.org/main-bower-files
npm http 304 https://registry.npmjs.org/merge-stream
npm http GET https://registry.npmjs.org/flagged-respawn
npm http GET https://registry.npmjs.org/resolve
npm http GET https://registry.npmjs.org/rechoir
npm http 304 https://registry.npmjs.org/gulp-if
npm http 304 https://registry.npmjs.org/gulp-filter
npm http GET https://registry.npmjs.org/extend
npm http GET https://registry.npmjs.org/findup-sync
npm http 304 https://registry.npmjs.org/require-dir
npm http 304 https://registry.npmjs.org/underscore
npm http 304 https://registry.npmjs.org/run-sequence
npm http 304 https://registry.npmjs.org/vinyl-source-stream
npm http 304 https://registry.npmjs.org/gulp-uglify
npm http 304 https://registry.npmjs.org/npm
npm http 304 https://registry.npmjs.org/vinyl-paths
npm http 304 https://registry.npmjs.org/del
npm http 304 https://registry.npmjs.org/browserify
npm http 304 https://registry.npmjs.org/gulp-autoprefixer
npm http 304 https://registry.npmjs.org/gulp-shell
npm http 304 https://registry.npmjs.org/ansi-styles
npm http 304 https://registry.npmjs.org/escape-string-regexp
npm http 304 https://registry.npmjs.org/has-ansi
npm http 304 https://registry.npmjs.org/strip-ansi
npm http 304 https://registry.npmjs.org/supports-color
npm http 304 https://registry.npmjs.org/stream-consume
npm http 304 https://registry.npmjs.org/end-of-stream
npm http 304 https://registry.npmjs.org/parse-filepath
npm http 304 https://registry.npmjs.org/sequencify
npm http 304 https://registry.npmjs.org/beeper
npm http 304 https://registry.npmjs.org/dateformat
npm http 304 https://registry.npmjs.org/gulp-coffee
npm http 304 https://registry.npmjs.org/vinyl-buffer
npm http 304 https://registry.npmjs.org/lodash._reinterpolate
npm http 304 https://registry.npmjs.org/lodash._reescape
npm http 304 https://registry.npmjs.org/lodash._reevaluate
npm http 304 https://registry.npmjs.org/object-assign
npm http 304 https://registry.npmjs.org/lodash.template
npm http 304 https://registry.npmjs.org/multipipe
npm http 304 https://registry.npmjs.org/through2
npm http 304 https://registry.npmjs.org/vinyl
npm http 304 https://registry.npmjs.org/array-differ
npm http 304 https://registry.npmjs.org/through2
npm http 304 https://registry.npmjs.org/array-uniq
npm http 304 https://registry.npmjs.org/graceful-fs
npm http 304 https://registry.npmjs.org/vinyl
npm http 304 https://registry.npmjs.org/glob-watcher
npm http 304 https://registry.npmjs.org/defaults
npm http 304 https://registry.npmjs.org/glob-stream
npm http 304 https://registry.npmjs.org/mkdirp
npm http 304 https://registry.npmjs.org/strip-bom
npm http 304 https://registry.npmjs.org/flagged-respawn
npm http 304 https://registry.npmjs.org/replace-ext/0.0.1
npm http 304 https://registry.npmjs.org/resolve
npm http 304 https://registry.npmjs.org/rechoir
npm http 304 https://registry.npmjs.org/extend
npm http 304 https://registry.npmjs.org/findup-sync
npm http 304 https://registry.npmjs.org/babelify
npm http GET https://registry.npmjs.org/ansi-regex
npm http GET https://registry.npmjs.org/ansi-regex
npm http 304 https://registry.npmjs.org/ansi-regex
npm http 304 https://registry.npmjs.org/ansi-regex
npm http GET https://registry.npmjs.org/once
npm http GET https://registry.npmjs.org/glob
npm http GET https://registry.npmjs.org/minimatch
npm http GET https://registry.npmjs.org/ordered-read-streams
npm http GET https://registry.npmjs.org/glob2base
npm http GET https://registry.npmjs.org/unique-stream
npm http 304 https://registry.npmjs.org/once
npm http GET https://registry.npmjs.org/first-chunk-stream
npm http GET https://registry.npmjs.org/is-utf8
npm http 304 https://registry.npmjs.org/unique-stream
npm http 304 https://registry.npmjs.org/first-chunk-stream
npm http 304 https://registry.npmjs.org/glob2base
npm http 304 https://registry.npmjs.org/is-utf8
npm http GET https://registry.npmjs.org/autoprefixer-core
npm http GET https://registry.npmjs.org/each-async
npm http GET https://registry.npmjs.org/globby
npm http GET https://registry.npmjs.org/vinyl-sourcemaps-apply
npm http GET https://registry.npmjs.org/is-path-cwd
npm http 304 https://registry.npmjs.org/glob
npm http GET https://registry.npmjs.org/rimraf
npm http GET https://registry.npmjs.org/is-path-in-cwd
npm http 304 https://registry.npmjs.org/globby
npm http 304 https://registry.npmjs.org/ordered-read-streams
npm http 304 https://registry.npmjs.org/minimatch
npm http 304 https://registry.npmjs.org/vinyl-sourcemaps-apply
npm http GET https://registry.npmjs.org/multimatch
npm http 304 https://registry.npmjs.org/is-path-cwd
npm http 304 https://registry.npmjs.org/rimraf
npm http 304 https://registry.npmjs.org/is-path-in-cwd
npm http 304 https://registry.npmjs.org/multimatch
npm http GET https://registry.npmjs.org/concat-with-sourcemaps
npm http 304 https://registry.npmjs.org/each-async
npm http GET https://registry.npmjs.org/multimatch/1.0.0
npm http 304 https://registry.npmjs.org/autoprefixer-core
npm http GET https://registry.npmjs.org/clone
npm http GET https://registry.npmjs.org/readable-stream
npm http GET https://registry.npmjs.org/xtend
npm http 304 https://registry.npmjs.org/concat-with-sourcemaps
npm http GET https://registry.npmjs.org/lodash._basetostring
npm http GET https://registry.npmjs.org/lodash._basecopy
npm http GET https://registry.npmjs.org/lodash._basevalues
npm http GET https://registry.npmjs.org/lodash._isiterateecall
npm http GET https://registry.npmjs.org/lodash.escape
npm http GET https://registry.npmjs.org/lodash.keys
npm http GET https://registry.npmjs.org/lodash.restparam
npm http GET https://registry.npmjs.org/lodash.templatesettings
npm http GET https://registry.npmjs.org/bl
npm http 304 https://registry.npmjs.org/clone
npm http 304 https://registry.npmjs.org/readable-stream
npm http 304 https://registry.npmjs.org/lodash._basecopy
npm http 304 https://registry.npmjs.org/lodash._basevalues
npm http 304 https://registry.npmjs.org/lodash._isiterateecall
npm http 304 https://registry.npmjs.org/xtend
npm http 304 https://registry.npmjs.org/lodash.keys
npm http 304 https://registry.npmjs.org/lodash.escape
npm http GET https://registry.npmjs.org/accord
npm http GET https://registry.npmjs.org/less
npm http 304 https://registry.npmjs.org/lodash.restparam
npm http 304 https://registry.npmjs.org/bl
npm http 304 https://registry.npmjs.org/multimatch/1.0.0
npm http 304 https://registry.npmjs.org/lodash._basetostring
npm http 304 https://registry.npmjs.org/less
npm http GET https://registry.npmjs.org/babel-core
npm http GET https://registry.npmjs.org/duplexer2/0.0.2
npm http GET https://registry.npmjs.org/gaze
npm http 304 https://registry.npmjs.org/lodash.templatesettings
npm http GET https://registry.npmjs.org/clone-stats
npm http GET https://registry.npmjs.org/convert-source-map
npm http GET https://registry.npmjs.org/dargs
npm http GET https://registry.npmjs.org/slash
npm http GET https://registry.npmjs.org/win-spawn
npm http 304 https://registry.npmjs.org/babel-core
npm http 304 https://registry.npmjs.org/convert-source-map
npm http 304 https://registry.npmjs.org/gaze
npm http 304 https://registry.npmjs.org/clone-stats
npm http 304 https://registry.npmjs.org/dargs
npm http 304 https://registry.npmjs.org/slash
npm http 304 https://registry.npmjs.org/duplexer2/0.0.2
npm http 304 https://registry.npmjs.org/accord
npm http GET https://registry.npmjs.org/async
npm http GET https://registry.npmjs.org/path-ends-with
npm http GET https://registry.npmjs.org/lodash
npm http 304 https://registry.npmjs.org/win-spawn
npm http 304 https://registry.npmjs.org/async
npm http GET https://registry.npmjs.org/map-stream/0.0.4
npm http 304 https://registry.npmjs.org/lodash
npm http GET https://registry.npmjs.org/node-sass
npm http GET https://registry.npmjs.org/get-stdin
npm http GET https://registry.npmjs.org/meow
npm http GET https://registry.npmjs.org/get-stdin
npm http 304 https://registry.npmjs.org/path-ends-with
npm http 304 https://registry.npmjs.org/get-stdin
npm http GET https://registry.npmjs.org/map-stream
npm http 304 https://registry.npmjs.org/get-stdin
npm http GET https://registry.npmjs.org/find-index
npm http 304 https://registry.npmjs.org/meow
npm http GET https://registry.npmjs.org/is-path-inside
npm http GET https://registry.npmjs.org/array-union
npm http GET https://registry.npmjs.org/onetime
npm http GET https://registry.npmjs.org/set-immediate-shim
npm http 304 https://registry.npmjs.org/map-stream
npm http GET https://registry.npmjs.org/wrappy
npm http 304 https://registry.npmjs.org/array-union
npm http 304 https://registry.npmjs.org/find-index
npm http 304 https://registry.npmjs.org/onetime
npm http 304 https://registry.npmjs.org/is-path-inside
npm http 304 https://registry.npmjs.org/set-immediate-shim
npm http 304 https://registry.npmjs.org/wrappy
npm http GET https://registry.npmjs.org/clean-css
npm http GET https://registry.npmjs.org/bufferstreams/0.0.2
npm http GET https://registry.npmjs.org/memory-cache/0.0.5
npm http GET https://registry.npmjs.org/source-map
npm http 304 https://registry.npmjs.org/clean-css
npm http 304 https://registry.npmjs.org/source-map
npm http 304 https://registry.npmjs.org/map-stream/0.0.4
npm http GET https://registry.npmjs.org/source-map
npm http 304 https://registry.npmjs.org/bufferstreams/0.0.2
npm http 304 https://registry.npmjs.org/memory-cache/0.0.5
npm http 304 https://registry.npmjs.org/node-sass
npm http 304 https://registry.npmjs.org/source-map
npm http GET https://registry.npmjs.org/lodash._getnative
npm http GET https://registry.npmjs.org/lodash.isarguments
npm http GET https://registry.npmjs.org/lodash.isarray
npm http GET https://registry.npmjs.org/gulp-match
npm http GET https://registry.npmjs.org/ternary-stream
npm http 304 https://registry.npmjs.org/lodash.isarguments
npm http 304 https://registry.npmjs.org/lodash._getnative
npm http 304 https://registry.npmjs.org/lodash.isarray
npm http 304 https://registry.npmjs.org/ternary-stream
npm http 304 https://registry.npmjs.org/gulp-match
npm http GET https://registry.npmjs.org/minimist/0.0.8
npm http GET https://registry.npmjs.org/coffee-script
npm http GET https://registry.npmjs.org/merge
npm http GET https://registry.npmjs.org/camelcase-keys
npm http GET https://registry.npmjs.org/indent-string
npm http GET https://registry.npmjs.org/globule
npm http GET https://registry.npmjs.org/path-is-inside
npm http GET https://registry.npmjs.org/inflight
npm http GET https://registry.npmjs.org/inherits
npm http 304 https://registry.npmjs.org/coffee-script
npm http 304 https://registry.npmjs.org/indent-string
npm http 304 https://registry.npmjs.org/camelcase-keys
npm http 304 https://registry.npmjs.org/path-is-inside
npm http 304 https://registry.npmjs.org/globule
npm http 304 https://registry.npmjs.org/inflight
npm http 304 https://registry.npmjs.org/inherits
npm http 304 https://registry.npmjs.org/merge
npm http GET https://registry.npmjs.org/brace-expansion
npm http 304 https://registry.npmjs.org/minimist/0.0.8
npm http 304 https://registry.npmjs.org/brace-expansion
npm http GET https://registry.npmjs.org/ends-with
npm http GET https://registry.npmjs.org/normalize-path
npm http 304 https://registry.npmjs.org/ends-with
npm http GET https://registry.npmjs.org/camelcase
npm http GET https://registry.npmjs.org/map-obj
npm http 304 https://registry.npmjs.org/normalize-path
npm http 304 https://registry.npmjs.org/map-obj
npm http GET https://registry.npmjs.org/repeating
npm http 304 https://registry.npmjs.org/camelcase
npm http GET https://registry.npmjs.org/core-util-is
npm http GET https://registry.npmjs.org/isarray/0.0.1
npm http GET https://registry.npmjs.org/string_decoder
npm http 304 https://registry.npmjs.org/repeating
npm http GET https://registry.npmjs.org/duplexify
npm http 304 https://registry.npmjs.org/string_decoder
npm http 304 https://registry.npmjs.org/core-util-is
npm http 304 https://registry.npmjs.org/isarray/0.0.1
npm http GET https://registry.npmjs.org/deap
npm http GET https://registry.npmjs.org/uglify-js/2.4.19
npm http 304 https://registry.npmjs.org/uglify-js/2.4.19
npm http GET https://registry.npmjs.org/node.extend
npm http 304 https://registry.npmjs.org/deap
npm http GET https://registry.npmjs.org/node-notifier
npm http 304 https://registry.npmjs.org/node.extend
npm http 304 https://registry.npmjs.org/node-notifier
npm http GET https://registry.npmjs.org/duplexer2
npm http GET https://registry.npmjs.org/fork-stream
npm http 304 https://registry.npmjs.org/duplexer2
npm http GET https://registry.npmjs.org/node-notifier/-/node-notifier-3.4.1.tgz
npm http GET https://registry.npmjs.org/lru-cache
npm http GET https://registry.npmjs.org/sigmund
npm http 304 https://registry.npmjs.org/duplexify
npm http 304 https://registry.npmjs.org/lru-cache
npm http 304 https://registry.npmjs.org/sigmund
npm http 304 https://registry.npmjs.org/fork-stream
npm http 200 https://registry.npmjs.org/node-notifier/-/node-notifier-3.4.1.tgz
npm http GET https://registry.npmjs.org/is-finite
npm http 304 https://registry.npmjs.org/is-finite
npm http GET https://registry.npmjs.org/lodash._escapestringchar
npm http GET https://registry.npmjs.org/lodash.defaults
npm http GET https://registry.npmjs.org/lodash.values
npm http GET https://registry.npmjs.org/balanced-match
npm http GET https://registry.npmjs.org/concat-map/0.0.1
npm http 304 https://registry.npmjs.org/lodash._escapestringchar
npm http 304 https://registry.npmjs.org/lodash.defaults
npm http 304 https://registry.npmjs.org/concat-map/0.0.1
npm http 304 https://registry.npmjs.org/balanced-match
npm http 304 https://registry.npmjs.org/lodash.values
npm http GET https://registry.npmjs.org/number-is-nan
npm http GET https://registry.npmjs.org/fobject
npm http GET https://registry.npmjs.org/indx
npm http GET https://registry.npmjs.org/uglify-js
npm http GET https://registry.npmjs.org/when
npm http 304 https://registry.npmjs.org/number-is-nan
npm http 304 https://registry.npmjs.org/indx
npm http 304 https://registry.npmjs.org/fobject
npm http 304 https://registry.npmjs.org/when
npm http 304 https://registry.npmjs.org/uglify-js
npm http GET https://registry.npmjs.org/end-of-stream/1.0.0
npm http 304 https://registry.npmjs.org/end-of-stream/1.0.0
npm http GET https://registry.npmjs.org/colors
npm http GET https://registry.npmjs.org/strip-json-comments
npm http GET https://registry.npmjs.org/path-exists
npm http GET https://registry.npmjs.org/vinyl-fs
npm http GET https://registry.npmjs.org/chalk
npm http GET https://registry.npmjs.org/dateformat
npm http GET https://registry.npmjs.org/lodash._reinterpolate
npm http GET https://registry.npmjs.org/lodash.template
npm http GET https://registry.npmjs.org/minimist
npm http GET https://registry.npmjs.org/multipipe
npm http GET https://registry.npmjs.org/through2
npm http GET https://registry.npmjs.org/vinyl
npm http 304 https://registry.npmjs.org/strip-json-comments
npm http 304 https://registry.npmjs.org/vinyl-fs
npm http 304 https://registry.npmjs.org/colors
npm http 304 https://registry.npmjs.org/dateformat
npm http 304 https://registry.npmjs.org/path-exists
npm http 304 https://registry.npmjs.org/lodash._reinterpolate
npm http 304 https://registry.npmjs.org/lodash.template
npm http 304 https://registry.npmjs.org/chalk
npm http 304 https://registry.npmjs.org/minimist
npm http 304 https://registry.npmjs.org/multipipe
npm http 304 https://registry.npmjs.org/through2
npm http 304 https://registry.npmjs.org/vinyl
npm http GET https://registry.npmjs.org/lodash._escapehtmlchar
npm http GET https://registry.npmjs.org/lodash._reunescapedhtml
npm http GET https://registry.npmjs.org/lodash._isnative
npm http GET https://registry.npmjs.org/lodash.isobject
npm http GET https://registry.npmjs.org/lodash._shimkeys
npm http GET https://registry.npmjs.org/lodash._objecttypes
npm http GET https://registry.npmjs.org/es6-set
npm http GET https://registry.npmjs.org/through2-filter
npm http 304 https://registry.npmjs.org/lodash._escapehtmlchar
npm http 304 https://registry.npmjs.org/lodash._isnative
npm http 304 https://registry.npmjs.org/lodash._reunescapedhtml
npm http 304 https://registry.npmjs.org/lodash._objecttypes
npm http 304 https://registry.npmjs.org/es6-set
npm http 304 https://registry.npmjs.org/lodash.isobject
npm http 304 https://registry.npmjs.org/through2-filter
npm http 304 https://registry.npmjs.org/lodash._shimkeys
npm http GET https://registry.npmjs.org/object-assign
npm http 304 https://registry.npmjs.org/object-assign
npm http GET https://registry.npmjs.org/once
npm http 304 https://registry.npmjs.org/once
npm http GET https://registry.npmjs.org/readable-stream
npm http GET https://registry.npmjs.org/xtend
npm http 304 https://registry.npmjs.org/xtend
npm http 304 https://registry.npmjs.org/readable-stream
npm http GET https://registry.npmjs.org/ansi-styles
npm http GET https://registry.npmjs.org/escape-string-regexp
npm http GET https://registry.npmjs.org/has-ansi
npm http GET https://registry.npmjs.org/strip-ansi
npm http GET https://registry.npmjs.org/supports-color
npm http GET https://registry.npmjs.org/postcss
npm http GET https://registry.npmjs.org/caniuse-db
npm http 304 https://registry.npmjs.org/has-ansi
npm http 304 https://registry.npmjs.org/ansi-styles
npm http 304 https://registry.npmjs.org/postcss
npm http 304 https://registry.npmjs.org/supports-color
npm http 304 https://registry.npmjs.org/strip-ansi
npm http 304 https://registry.npmjs.org/escape-string-regexp
npm http GET https://registry.npmjs.org/graceful-fs
npm http GET https://registry.npmjs.org/semver
npm http 304 https://registry.npmjs.org/caniuse-db
npm http GET https://registry.npmjs.org/minimatch
npm http GET https://registry.npmjs.org/lodash.escape
npm http GET https://registry.npmjs.org/lodash.keys
npm http GET https://registry.npmjs.org/lodash.templatesettings
npm http 304 https://registry.npmjs.org/semver
npm http 304 https://registry.npmjs.org/graceful-fs
npm http 304 https://registry.npmjs.org/lodash.templatesettings
npm http 304 https://registry.npmjs.org/minimatch
npm http 304 https://registry.npmjs.org/lodash.escape
npm http 304 https://registry.npmjs.org/lodash.keys
npm http GET https://registry.npmjs.org/lodash._htmlescapes
npm http GET https://registry.npmjs.org/duplexer2/0.0.2
npm http 304 https://registry.npmjs.org/lodash._htmlescapes
npm http 304 https://registry.npmjs.org/duplexer2/0.0.2
npm http GET https://registry.npmjs.org/wrappy
npm http 304 https://registry.npmjs.org/wrappy
npm http GET https://registry.npmjs.org/get-stdin
npm http GET https://registry.npmjs.org/meow
npm http GET https://registry.npmjs.org/ansi-regex
npm http GET https://registry.npmjs.org/ansi-regex
npm http 304 https://registry.npmjs.org/meow
npm http 304 https://registry.npmjs.org/get-stdin
npm http 304 https://registry.npmjs.org/ansi-regex
npm http 304 https://registry.npmjs.org/ansi-regex
npm http GET https://registry.npmjs.org/glob-stream
npm http GET https://registry.npmjs.org/glob-watcher
npm http GET https://registry.npmjs.org/mkdirp
npm http GET https://registry.npmjs.org/strip-bom
npm http 304 https://registry.npmjs.org/strip-bom
npm http 304 https://registry.npmjs.org/mkdirp
npm http 304 https://registry.npmjs.org/glob-watcher
npm http 304 https://registry.npmjs.org/glob-stream
npm http GET https://registry.npmjs.org/clone-stats
npm http 304 https://registry.npmjs.org/clone-stats
npm http GET https://registry.npmjs.org/lodash
npm http GET https://registry.npmjs.org/glob
npm http 304 https://registry.npmjs.org/lodash
npm http GET https://registry.npmjs.org/lodash
npm http GET https://registry.npmjs.org/glob
npm http 304 https://registry.npmjs.org/glob
npm http 304 https://registry.npmjs.org/glob
npm http 304 https://registry.npmjs.org/lodash
npm http GET https://registry.npmjs.org/amdefine
npm http 304 https://registry.npmjs.org/amdefine
npm http GET https://registry.npmjs.org/gaze
npm http 304 https://registry.npmjs.org/gaze
npm http GET https://registry.npmjs.org/unique-stream
npm http GET https://registry.npmjs.org/is-utf8
npm http GET https://registry.npmjs.org/first-chunk-stream
npm http GET https://registry.npmjs.org/ordered-read-streams
npm http GET https://registry.npmjs.org/glob2base
npm http 304 https://registry.npmjs.org/unique-stream
npm http 304 https://registry.npmjs.org/glob2base
npm http 304 https://registry.npmjs.org/ordered-read-streams
npm http 304 https://registry.npmjs.org/first-chunk-stream
npm http 304 https://registry.npmjs.org/is-utf8
npm http GET https://registry.npmjs.org/brace-expansion
npm http 304 https://registry.npmjs.org/brace-expansion
npm http GET https://registry.npmjs.org/source-map
npm http GET https://registry.npmjs.org/commander
npm http 304 https://registry.npmjs.org/source-map
npm http GET https://registry.npmjs.org/clone
npm http 304 https://registry.npmjs.org/commander
npm http 304 https://registry.npmjs.org/clone
npm http GET https://registry.npmjs.org/find-index
npm http 304 https://registry.npmjs.org/find-index
npm http GET https://registry.npmjs.org/inflight
npm http GET https://registry.npmjs.org/inherits
npm http GET https://registry.npmjs.org/d
npm http GET https://registry.npmjs.org/es6-iterator
npm http GET https://registry.npmjs.org/es5-ext
npm http GET https://registry.npmjs.org/es6-symbol
npm http GET https://registry.npmjs.org/event-emitter
npm http 304 https://registry.npmjs.org/inherits
npm http 304 https://registry.npmjs.org/es6-symbol
npm http 304 https://registry.npmjs.org/event-emitter
npm http 304 https://registry.npmjs.org/es5-ext
npm http GET https://registry.npmjs.org/inherits
npm http 304 https://registry.npmjs.org/inflight
npm http 304 https://registry.npmjs.org/es6-iterator
npm http 304 https://registry.npmjs.org/d
npm http 304 https://registry.npmjs.org/inherits
npm http GET https://registry.npmjs.org/globule
npm http 304 https://registry.npmjs.org/globule
npm http GET https://registry.npmjs.org/minimist/0.0.8
npm http 304 https://registry.npmjs.org/minimist/0.0.8
npm http GET https://registry.npmjs.org/lru-cache
npm http GET https://registry.npmjs.org/sigmund
npm http GET https://registry.npmjs.org/js-base64
npm http 304 https://registry.npmjs.org/lru-cache
npm http 304 https://registry.npmjs.org/sigmund
npm http 304 https://registry.npmjs.org/js-base64
npm http GET https://registry.npmjs.org/core-util-is
npm http GET https://registry.npmjs.org/isarray/0.0.1
npm http GET https://registry.npmjs.org/string_decoder
npm http 304 https://registry.npmjs.org/core-util-is
npm http 304 https://registry.npmjs.org/isarray/0.0.1
npm http 304 https://registry.npmjs.org/string_decoder
npm http GET https://registry.npmjs.org/balanced-match
npm http GET https://registry.npmjs.org/concat-map/0.0.1
npm http 304 https://registry.npmjs.org/balanced-match
npm http 304 https://registry.npmjs.org/concat-map/0.0.1
npm http GET https://registry.npmjs.org/async
npm http GET https://registry.npmjs.org/source-map/0.1.34
npm http GET https://registry.npmjs.org/yargs
npm http GET https://registry.npmjs.org/uglify-to-browserify
npm http 304 https://registry.npmjs.org/uglify-to-browserify
npm http 304 https://registry.npmjs.org/yargs
npm http 304 https://registry.npmjs.org/async
npm http 304 https://registry.npmjs.org/source-map/0.1.34
npm http GET https://registry.npmjs.org/wordwrap/0.0.2
npm http GET https://registry.npmjs.org/camelcase
npm http GET https://registry.npmjs.org/decamelize
npm http GET https://registry.npmjs.org/window-size/0.1.0
npm http 304 https://registry.npmjs.org/wordwrap/0.0.2
npm http 304 https://registry.npmjs.org/decamelize
npm http 304 https://registry.npmjs.org/window-size/0.1.0
npm http 304 https://registry.npmjs.org/camelcase
npm http GET https://registry.npmjs.org/amdefine
npm http 304 https://registry.npmjs.org/amdefine
npm http GET https://registry.npmjs.org/browser-pack
npm http GET https://registry.npmjs.org/browser-resolve
npm http GET https://registry.npmjs.org/browserify-zlib
npm http GET https://registry.npmjs.org/buffer
npm http GET https://registry.npmjs.org/builtins
npm http GET https://registry.npmjs.org/commondir/0.0.1
npm http GET https://registry.npmjs.org/concat-stream
npm http GET https://registry.npmjs.org/console-browserify
npm http GET https://registry.npmjs.org/constants-browserify
npm http GET https://registry.npmjs.org/crypto-browserify
npm http GET https://registry.npmjs.org/deep-equal
npm http GET https://registry.npmjs.org/defined
npm http GET https://registry.npmjs.org/deps-sort
npm http GET https://registry.npmjs.org/domain-browser
npm http GET https://registry.npmjs.org/duplexer2
npm http GET https://registry.npmjs.org/glob
npm http GET https://registry.npmjs.org/events
npm http GET https://registry.npmjs.org/has
npm http GET https://registry.npmjs.org/http-browserify
npm http GET https://registry.npmjs.org/https-browserify
npm http GET https://registry.npmjs.org/insert-module-globals
npm http GET https://registry.npmjs.org/labeled-stream-splicer
npm http GET https://registry.npmjs.org/module-deps
npm http GET https://registry.npmjs.org/os-browserify
npm http GET https://registry.npmjs.org/parents
npm http GET https://registry.npmjs.org/path-browserify
npm http GET https://registry.npmjs.org/process
npm http GET https://registry.npmjs.org/punycode
npm http GET https://registry.npmjs.org/querystring-es3
npm http GET https://registry.npmjs.org/read-only-stream
npm http GET https://registry.npmjs.org/readable-stream
npm http GET https://registry.npmjs.org/resolve
npm http GET https://registry.npmjs.org/shallow-copy/0.0.1
npm http GET https://registry.npmjs.org/shasum
npm http GET https://registry.npmjs.org/shell-quote
npm http GET https://registry.npmjs.org/subarg
npm http GET https://registry.npmjs.org/stream-browserify
npm http GET https://registry.npmjs.org/syntax-error
npm http GET https://registry.npmjs.org/through2
npm http GET https://registry.npmjs.org/tty-browserify
npm http GET https://registry.npmjs.org/timers-browserify
npm http GET https://registry.npmjs.org/url
npm http GET https://registry.npmjs.org/util
npm http GET https://registry.npmjs.org/xtend
npm http GET https://registry.npmjs.org/vm-browserify
npm http GET https://registry.npmjs.org/JSONStream
npm http GET https://registry.npmjs.org/assert
npm http 304 https://registry.npmjs.org/browser-resolve
npm http 304 https://registry.npmjs.org/browser-pack
npm http 304 https://registry.npmjs.org/builtins
npm http 304 https://registry.npmjs.org/console-browserify
npm http 304 https://registry.npmjs.org/browserify-zlib
npm http 304 https://registry.npmjs.org/crypto-browserify
npm http 304 https://registry.npmjs.org/deep-equal
npm http 304 https://registry.npmjs.org/defined
npm http 304 https://registry.npmjs.org/constants-browserify
npm http 304 https://registry.npmjs.org/buffer
npm http 304 https://registry.npmjs.org/duplexer2
npm http 304 https://registry.npmjs.org/concat-stream
npm http 304 https://registry.npmjs.org/glob
npm http 304 https://registry.npmjs.org/commondir/0.0.1
npm http 304 https://registry.npmjs.org/has
npm http 304 https://registry.npmjs.org/events
npm http GET https://registry.npmjs.org/inherits
npm http 304 https://registry.npmjs.org/insert-module-globals
npm http 304 https://registry.npmjs.org/domain-browser
npm http 304 https://registry.npmjs.org/deps-sort
npm http 304 https://registry.npmjs.org/module-deps
npm http 304 https://registry.npmjs.org/https-browserify
npm http 304 https://registry.npmjs.org/http-browserify
npm http 304 https://registry.npmjs.org/process
npm http 304 https://registry.npmjs.org/punycode
npm http 304 https://registry.npmjs.org/os-browserify
npm http 304 https://registry.npmjs.org/querystring-es3
npm http 304 https://registry.npmjs.org/readable-stream
npm http 304 https://registry.npmjs.org/resolve
npm http 304 https://registry.npmjs.org/read-only-stream
npm http 304 https://registry.npmjs.org/parents
npm http 304 https://registry.npmjs.org/shell-quote
npm http 304 https://registry.npmjs.org/shallow-copy/0.0.1
npm http 304 https://registry.npmjs.org/shasum
npm http 304 https://registry.npmjs.org/stream-browserify
npm http 304 https://registry.npmjs.org/through2
npm http 304 https://registry.npmjs.org/labeled-stream-splicer
npm http GET https://registry.npmjs.org/get-stdin
npm http GET https://registry.npmjs.org/gaze
npm http GET https://registry.npmjs.org/meow
npm http GET https://registry.npmjs.org/mkdirp
npm http GET https://registry.npmjs.org/request
npm http GET https://registry.npmjs.org/nan
npm http GET https://registry.npmjs.org/npmconf
npm http GET https://registry.npmjs.org/pangyp
npm http GET https://registry.npmjs.org/chalk
npm http GET https://registry.npmjs.org/async-foreach
npm http GET https://registry.npmjs.org/sass-graph
npm http 304 https://registry.npmjs.org/timers-browserify
npm http 304 https://registry.npmjs.org/url
npm http 304 https://registry.npmjs.org/util
npm http 304 https://registry.npmjs.org/xtend
npm http 304 https://registry.npmjs.org/path-browserify
npm http 304 https://registry.npmjs.org/JSONStream
npm http 304 https://registry.npmjs.org/assert
npm http 304 https://registry.npmjs.org/inherits
npm http 304 https://registry.npmjs.org/get-stdin
npm http 304 https://registry.npmjs.org/gaze
npm http 304 https://registry.npmjs.org/syntax-error
npm http 304 https://registry.npmjs.org/meow
npm http 304 https://registry.npmjs.org/request
npm http 304 https://registry.npmjs.org/mkdirp
npm http 304 https://registry.npmjs.org/nan
npm http 304 https://registry.npmjs.org/npmconf
npm http 304 https://registry.npmjs.org/chalk
npm http 304 https://registry.npmjs.org/subarg
npm http 304 https://registry.npmjs.org/pangyp
npm http 304 https://registry.npmjs.org/sass-graph
npm http 304 https://registry.npmjs.org/tty-browserify
npm http 304 https://registry.npmjs.org/async-foreach
npm http 304 https://registry.npmjs.org/vm-browserify
npm http GET https://registry.npmjs.org/camelcase-keys
npm http GET https://registry.npmjs.org/indent-string
npm http GET https://registry.npmjs.org/minimist
npm http 304 https://registry.npmjs.org/indent-string
npm http GET https://registry.npmjs.org/strip-ansi
npm http GET https://registry.npmjs.org/supports-color
npm http GET https://registry.npmjs.org/ansi-styles
npm http GET https://registry.npmjs.org/escape-string-regexp
npm http 304 https://registry.npmjs.org/camelcase-keys
npm http 304 https://registry.npmjs.org/minimist
npm http GET https://registry.npmjs.org/has-ansi
npm http 304 https://registry.npmjs.org/escape-string-regexp
npm http 304 https://registry.npmjs.org/strip-ansi
npm http 304 https://registry.npmjs.org/supports-color
npm http 304 https://registry.npmjs.org/ansi-styles
npm http 304 https://registry.npmjs.org/has-ansi
npm http GET https://registry.npmjs.org/globule
npm http 304 https://registry.npmjs.org/globule
npm http GET https://registry.npmjs.org/json-stable-stringify
npm http GET https://registry.npmjs.org/sha.js
npm http GET https://registry.npmjs.org/path-platform
npm http 304 https://registry.npmjs.org/sha.js
npm http GET https://registry.npmjs.org/map-obj
npm http GET https://registry.npmjs.org/readable-wrap
npm http GET https://registry.npmjs.org/date-now
npm http 304 https://registry.npmjs.org/map-obj
npm http GET https://registry.npmjs.org/repeating
npm http 304 https://registry.npmjs.org/readable-wrap
npm http 304 https://registry.npmjs.org/date-now
npm http 304 https://registry.npmjs.org/path-platform
npm http 304 https://registry.npmjs.org/repeating
npm http GET https://registry.npmjs.org/ansi-regex
npm http GET https://registry.npmjs.org/inflight
npm http GET https://registry.npmjs.org/minimatch
npm http GET https://registry.npmjs.org/once
npm http GET https://registry.npmjs.org/ansi-regex
npm http GET https://registry.npmjs.org/path-is-absolute
npm http GET https://registry.npmjs.org/indexof/0.0.1
npm http 304 https://registry.npmjs.org/once
npm http 304 https://registry.npmjs.org/inflight
npm http 304 https://registry.npmjs.org/ansi-regex
npm http 304 https://registry.npmjs.org/ansi-regex
npm http 304 https://registry.npmjs.org/path-is-absolute
npm http 304 https://registry.npmjs.org/minimatch
npm http GET https://registry.npmjs.org/typedarray
npm http 304 https://registry.npmjs.org/json-stable-stringify
npm http 304 https://registry.npmjs.org/typedarray
npm http GET https://registry.npmjs.org/stream-splicer
npm http 304 https://registry.npmjs.org/indexof/0.0.1
npm http 304 https://registry.npmjs.org/stream-splicer
npm http GET https://registry.npmjs.org/core-util-is
npm http GET https://registry.npmjs.org/isarray/0.0.1
npm http GET https://registry.npmjs.org/string_decoder
npm http GET https://registry.npmjs.org/acorn
npm http 304 https://registry.npmjs.org/core-util-is
npm http 304 https://registry.npmjs.org/string_decoder
npm http 304 https://registry.npmjs.org/acorn
npm http GET https://registry.npmjs.org/minimist/0.0.8
npm http 304 https://registry.npmjs.org/minimist/0.0.8
npm http 304 https://registry.npmjs.org/isarray/0.0.1
npm http GET https://registry.npmjs.org/is-finite
npm http GET https://registry.npmjs.org/Base64
npm http GET https://registry.npmjs.org/punycode/1.3.2
npm http GET https://registry.npmjs.org/querystring/0.2.0
npm http 304 https://registry.npmjs.org/is-finite
npm http 304 https://registry.npmjs.org/Base64
npm http GET https://registry.npmjs.org/lodash
npm http GET https://registry.npmjs.org/yargs
npm http GET https://registry.npmjs.org/wrappy
npm http 304 https://registry.npmjs.org/punycode/1.3.2
npm http 304 https://registry.npmjs.org/lodash
npm http 304 https://registry.npmjs.org/yargs
npm http 304 https://registry.npmjs.org/querystring/0.2.0
npm http GET https://registry.npmjs.org/diffie-hellman
npm http GET https://registry.npmjs.org/pbkdf2
npm http GET https://registry.npmjs.org/public-encrypt
npm http GET https://registry.npmjs.org/randombytes
npm http 304 https://registry.npmjs.org/wrappy
npm http GET https://registry.npmjs.org/browserify-aes
npm http GET https://registry.npmjs.org/browserify-sign
npm http GET https://registry.npmjs.org/create-ecdh
npm http GET https://registry.npmjs.org/create-hash
npm http GET https://registry.npmjs.org/create-hmac
npm http GET https://registry.npmjs.org/combine-source-map
npm http GET https://registry.npmjs.org/umd
npm http 304 https://registry.npmjs.org/public-encrypt
npm http 304 https://registry.npmjs.org/randombytes
npm http 304 https://registry.npmjs.org/browserify-aes
npm http GET https://registry.npmjs.org/lexical-scope
npm http 304 https://registry.npmjs.org/browserify-sign
npm http 304 https://registry.npmjs.org/create-ecdh
npm http 304 https://registry.npmjs.org/create-hash
npm http 304 https://registry.npmjs.org/create-hmac
npm http 304 https://registry.npmjs.org/combine-source-map
npm http 304 https://registry.npmjs.org/lexical-scope
npm http 304 https://registry.npmjs.org/diffie-hellman
npm http 304 https://registry.npmjs.org/pbkdf2
npm http GET https://registry.npmjs.org/number-is-nan
npm http GET https://registry.npmjs.org/config-chain
npm http GET https://registry.npmjs.org/ini
npm http GET https://registry.npmjs.org/nopt
npm http GET https://registry.npmjs.org/semver
npm http GET https://registry.npmjs.org/osenv
npm http GET https://registry.npmjs.org/uid-number/0.0.5
npm http 304 https://registry.npmjs.org/number-is-nan
npm http 304 https://registry.npmjs.org/semver
npm http 304 https://registry.npmjs.org/ini
npm http 304 https://registry.npmjs.org/osenv
npm http 304 https://registry.npmjs.org/nopt
npm http 304 https://registry.npmjs.org/config-chain
npm http 304 https://registry.npmjs.org/umd
npm http 304 https://registry.npmjs.org/uid-number/0.0.5
npm http GET https://registry.npmjs.org/jsonify
npm http 304 https://registry.npmjs.org/jsonify
npm http GET https://registry.npmjs.org/brace-expansion
npm http 304 https://registry.npmjs.org/brace-expansion
npm http GET https://registry.npmjs.org/elliptic
npm http GET https://registry.npmjs.org/bn.js
npm http 304 https://registry.npmjs.org/bn.js
npm http 304 https://registry.npmjs.org/elliptic
npm http GET https://registry.npmjs.org/ripemd160
npm http 304 https://registry.npmjs.org/ripemd160
npm http GET https://registry.npmjs.org/miller-rabin
npm http GET https://registry.npmjs.org/convert-source-map
npm http GET https://registry.npmjs.org/inline-source-map
npm http GET https://registry.npmjs.org/source-map
npm http GET https://registry.npmjs.org/pako
npm http 304 https://registry.npmjs.org/source-map
npm http 304 https://registry.npmjs.org/miller-rabin
npm http 304 https://registry.npmjs.org/convert-source-map
npm http 304 https://registry.npmjs.org/pako
npm http 304 https://registry.npmjs.org/inline-source-map
npm http GET https://registry.npmjs.org/caseless
npm http GET https://registry.npmjs.org/bl
npm http GET https://registry.npmjs.org/forever-agent
npm http GET https://registry.npmjs.org/form-data
npm http GET https://registry.npmjs.org/json-stringify-safe
npm http GET https://registry.npmjs.org/mime-types
npm http GET https://registry.npmjs.org/node-uuid
npm http GET https://registry.npmjs.org/qs
npm http GET https://registry.npmjs.org/tunnel-agent
npm http GET https://registry.npmjs.org/tough-cookie
npm http GET https://registry.npmjs.org/http-signature
npm http GET https://registry.npmjs.org/oauth-sign
npm http GET https://registry.npmjs.org/aws-sign2
npm http GET https://registry.npmjs.org/hawk
npm http GET https://registry.npmjs.org/stringstream
npm http GET https://registry.npmjs.org/combined-stream
npm http GET https://registry.npmjs.org/har-validator
npm http GET https://registry.npmjs.org/isstream
npm http 304 https://registry.npmjs.org/form-data
npm http 304 https://registry.npmjs.org/forever-agent
npm http 304 https://registry.npmjs.org/mime-types
npm http 304 https://registry.npmjs.org/bl
npm http 304 https://registry.npmjs.org/caseless
npm http 304 https://registry.npmjs.org/node-uuid
npm http 304 https://registry.npmjs.org/qs
npm http 304 https://registry.npmjs.org/json-stringify-safe
npm http 304 https://registry.npmjs.org/tunnel-agent
npm http GET https://registry.npmjs.org/abbrev
npm http 304 https://registry.npmjs.org/http-signature
npm http 304 https://registry.npmjs.org/oauth-sign
npm http 304 https://registry.npmjs.org/aws-sign2
npm http 304 https://registry.npmjs.org/hawk
npm http 304 https://registry.npmjs.org/stringstream
npm http 304 https://registry.npmjs.org/combined-stream
npm http 304 https://registry.npmjs.org/har-validator
npm http GET https://registry.npmjs.org/base64-js/0.0.8
npm http GET https://registry.npmjs.org/ieee754
npm http GET https://registry.npmjs.org/is-array
npm http 304 https://registry.npmjs.org/isstream
npm http 304 https://registry.npmjs.org/abbrev
npm http 304 https://registry.npmjs.org/is-array
npm http GET https://registry.npmjs.org/camelcase
npm http GET https://registry.npmjs.org/decamelize
npm http GET https://registry.npmjs.org/window-size/0.1.0
npm http GET https://registry.npmjs.org/cliui
npm http 304 https://registry.npmjs.org/ieee754
npm http 304 https://registry.npmjs.org/window-size/0.1.0
npm http 304 https://registry.npmjs.org/cliui
npm http 304 https://registry.npmjs.org/camelcase
npm http 304 https://registry.npmjs.org/decamelize
npm http GET https://registry.npmjs.org/proto-list
npm http 304 https://registry.npmjs.org/base64-js/0.0.8
npm http 304 https://registry.npmjs.org/proto-list
npm http 304 https://registry.npmjs.org/tough-cookie
npm http GET https://registry.npmjs.org/brorand
npm http GET https://registry.npmjs.org/lru-cache
npm http GET https://registry.npmjs.org/sigmund
npm http 304 https://registry.npmjs.org/brorand
npm http 304 https://registry.npmjs.org/sigmund
npm http 304 https://registry.npmjs.org/lru-cache
npm http GET https://registry.npmjs.org/balanced-match
npm http GET https://registry.npmjs.org/concat-map/0.0.1
npm http 304 https://registry.npmjs.org/balanced-match
npm http 304 https://registry.npmjs.org/concat-map/0.0.1
npm http GET https://registry.npmjs.org/browserify-rsa
npm http GET https://registry.npmjs.org/parse-asn1
npm http 304 https://registry.npmjs.org/parse-asn1
npm http 304 https://registry.npmjs.org/browserify-rsa
npm http GET https://registry.npmjs.org/delayed-stream/0.0.5
npm http GET https://registry.npmjs.org/graceful-fs
npm http GET https://registry.npmjs.org/mime-db
npm http GET https://registry.npmjs.org/async
npm http 304 https://registry.npmjs.org/graceful-fs
npm http 304 https://registry.npmjs.org/mime-db
npm http GET https://registry.npmjs.org/wordwrap/0.0.2
npm http GET https://registry.npmjs.org/center-align
npm http GET https://registry.npmjs.org/right-align
npm http 304 https://registry.npmjs.org/async
npm http 304 https://registry.npmjs.org/wordwrap/0.0.2
npm http 304 https://registry.npmjs.org/center-align
npm http 304 https://registry.npmjs.org/right-align
npm http 304 https://registry.npmjs.org/delayed-stream/0.0.5
npm http GET https://registry.npmjs.org/readable-stream
npm http 304 https://registry.npmjs.org/readable-stream
npm http GET https://registry.npmjs.org/assert-plus
npm http GET https://registry.npmjs.org/ctype/0.5.3
npm http GET https://registry.npmjs.org/asn1/0.1.11
npm http 304 https://registry.npmjs.org/assert-plus
npm http 304 https://registry.npmjs.org/ctype/0.5.3
npm http GET https://registry.npmjs.org/align-text
npm http 304 https://registry.npmjs.org/asn1/0.1.11
npm http GET https://registry.npmjs.org/astw
npm http GET https://registry.npmjs.org/commander
npm http GET https://registry.npmjs.org/is-my-json-valid
npm http GET https://registry.npmjs.org/bluebird
npm http 304 https://registry.npmjs.org/align-text
npm http 304 https://registry.npmjs.org/commander
npm http 304 https://registry.npmjs.org/is-my-json-valid
npm http 304 https://registry.npmjs.org/bluebird
npm http 304 https://registry.npmjs.org/astw
npm http GET https://registry.npmjs.org/inherits
npm http 304 https://registry.npmjs.org/inherits
npm http GET https://registry.npmjs.org/repeat-string
npm http GET https://registry.npmjs.org/kind-of
npm http GET https://registry.npmjs.org/longest
npm http GET https://registry.npmjs.org/amdefine
npm http 304 https://registry.npmjs.org/longest
npm http 304 https://registry.npmjs.org/amdefine
npm http 304 https://registry.npmjs.org/kind-of
npm http GET https://registry.npmjs.org/hash.js
npm http 304 https://registry.npmjs.org/hash.js
npm http GET https://registry.npmjs.org/graceful-readlink
npm http 304 https://registry.npmjs.org/graceful-readlink
npm http GET https://registry.npmjs.org/xtend
npm http GET https://registry.npmjs.org/JSONStream
npm http GET https://registry.npmjs.org/defined
npm http GET https://registry.npmjs.org/detective
npm http GET https://registry.npmjs.org/stream-combiner2
npm http GET https://registry.npmjs.org/jsonparse/0.0.5
npm http GET https://registry.npmjs.org/through
npm http GET https://registry.npmjs.org/asn1.js
npm http 304 https://registry.npmjs.org/JSONStream
npm http 304 https://registry.npmjs.org/defined
npm http 304 https://registry.npmjs.org/xtend
npm http 304 https://registry.npmjs.org/stream-combiner2
npm http 304 https://registry.npmjs.org/detective
npm http 304 https://registry.npmjs.org/jsonparse/0.0.5
npm http 304 https://registry.npmjs.org/through
npm http 304 https://registry.npmjs.org/asn1.js
npm http 304 https://registry.npmjs.org/repeat-string
npm http GET https://registry.npmjs.org/through2
npm http 304 https://registry.npmjs.org/through2
npm http GET https://registry.npmjs.org/jsonparse
npm http 304 https://registry.npmjs.org/jsonparse
npm http GET https://registry.npmjs.org/escodegen
npm http 304 https://registry.npmjs.org/escodegen
npm http GET https://registry.npmjs.org/jsonpointer
npm http GET https://registry.npmjs.org/generate-object-property
npm http GET https://registry.npmjs.org/generate-function
npm http 304 https://registry.npmjs.org/jsonpointer
npm http 304 https://registry.npmjs.org/generate-object-property
npm http 304 https://registry.npmjs.org/generate-function
npm http GET https://registry.npmjs.org/minimalistic-assert
npm http 304 https://registry.npmjs.org/minimalistic-assert
npm http GET https://registry.npmjs.org/hoek
npm http GET https://registry.npmjs.org/boom
npm http GET https://registry.npmjs.org/cryptiles
npm http GET https://registry.npmjs.org/sntp
npm http 304 https://registry.npmjs.org/hoek
npm http 304 https://registry.npmjs.org/boom
npm http 304 https://registry.npmjs.org/cryptiles
npm http 304 https://registry.npmjs.org/sntp
npm http GET https://registry.npmjs.org/is-property
npm http 304 https://registry.npmjs.org/is-property
npm http GET https://registry.npmjs.org/string_decoder
npm http GET https://registry.npmjs.org/core-util-is
npm http GET https://registry.npmjs.org/isarray/0.0.1
npm http 304 https://registry.npmjs.org/core-util-is
npm http 304 https://registry.npmjs.org/isarray/0.0.1
npm http 304 https://registry.npmjs.org/string_decoder
npm http GET https://registry.npmjs.org/estraverse
npm http GET https://registry.npmjs.org/esutils
npm http GET https://registry.npmjs.org/optionator
npm http GET https://registry.npmjs.org/esprima
npm http 304 https://registry.npmjs.org/optionator
npm http 304 https://registry.npmjs.org/esprima
npm http 304 https://registry.npmjs.org/esutils
npm http 304 https://registry.npmjs.org/estraverse
npm http GET https://registry.npmjs.org/type-check
npm http GET https://registry.npmjs.org/levn
npm http GET https://registry.npmjs.org/fast-levenshtein
npm http GET https://registry.npmjs.org/deep-is
npm http GET https://registry.npmjs.org/prelude-ls
npm http GET https://registry.npmjs.org/wordwrap
npm http 304 https://registry.npmjs.org/levn
npm http 304 https://registry.npmjs.org/type-check
npm http 304 https://registry.npmjs.org/wordwrap
npm http 304 https://registry.npmjs.org/deep-is
npm http 304 https://registry.npmjs.org/fast-levenshtein
npm http 304 https://registry.npmjs.org/prelude-ls
npm http GET https://registry.npmjs.org/glob
npm http GET https://registry.npmjs.org/fstream
npm http GET https://registry.npmjs.org/minimatch
npm http GET https://registry.npmjs.org/nopt
npm http GET https://registry.npmjs.org/osenv
npm http GET https://registry.npmjs.org/request
npm http GET https://registry.npmjs.org/npmlog
npm http GET https://registry.npmjs.org/rimraf
npm http GET https://registry.npmjs.org/semver
npm http GET https://registry.npmjs.org/tar
npm http GET https://registry.npmjs.org/which
npm http 304 https://registry.npmjs.org/fstream
npm http 304 https://registry.npmjs.org/request
npm http 304 https://registry.npmjs.org/npmlog
npm http 304 https://registry.npmjs.org/minimatch
npm http 304 https://registry.npmjs.org/osenv
npm http 304 https://registry.npmjs.org/nopt
npm http 304 https://registry.npmjs.org/glob
npm http 304 https://registry.npmjs.org/rimraf
npm http 304 https://registry.npmjs.org/semver
npm http 304 https://registry.npmjs.org/tar
npm http 304 https://registry.npmjs.org/which
npm http GET https://registry.npmjs.org/es6-symbol
npm http 304 https://registry.npmjs.org/es6-symbol
npm http GET https://registry.npmjs.org/gauge
npm http GET https://registry.npmjs.org/ansi
npm http GET https://registry.npmjs.org/are-we-there-yet
npm http GET https://registry.npmjs.org/abbrev
npm http GET https://registry.npmjs.org/once
npm http GET https://registry.npmjs.org/inflight
npm http 304 https://registry.npmjs.org/are-we-there-yet
npm http 304 https://registry.npmjs.org/once
npm http 304 https://registry.npmjs.org/inflight
npm http GET https://registry.npmjs.org/brace-expansion
npm http 304 https://registry.npmjs.org/abbrev
npm http 304 https://registry.npmjs.org/gauge
npm http 304 https://registry.npmjs.org/brace-expansion
npm http 304 https://registry.npmjs.org/ansi
npm http GET https://registry.npmjs.org/wrappy
npm http 304 https://registry.npmjs.org/wrappy
npm http GET https://registry.npmjs.org/delegates
npm http 304 https://registry.npmjs.org/delegates
npm http GET https://registry.npmjs.org/balanced-match
npm http GET https://registry.npmjs.org/concat-map/0.0.1
npm http GET https://registry.npmjs.org/tough-cookie
npm http GET https://registry.npmjs.org/tunnel-agent
npm http GET https://registry.npmjs.org/http-signature
npm http GET https://registry.npmjs.org/oauth-sign
npm http GET https://registry.npmjs.org/aws-sign2
npm http GET https://registry.npmjs.org/stringstream
npm http GET https://registry.npmjs.org/hawk/1.1.1
npm http 304 https://registry.npmjs.org/concat-map/0.0.1
npm http GET https://registry.npmjs.org/combined-stream
npm http 304 https://registry.npmjs.org/oauth-sign
npm http 304 https://registry.npmjs.org/balanced-match
npm http GET https://registry.npmjs.org/bl
npm http GET https://registry.npmjs.org/caseless
npm http GET https://registry.npmjs.org/forever-agent
npm http GET https://registry.npmjs.org/form-data
npm http GET https://registry.npmjs.org/json-stringify-safe
npm http 304 https://registry.npmjs.org/aws-sign2
npm http GET https://registry.npmjs.org/mime-types
npm http GET https://registry.npmjs.org/node-uuid
npm http GET https://registry.npmjs.org/qs
npm http 304 https://registry.npmjs.org/stringstream
npm http 304 https://registry.npmjs.org/combined-stream
npm http GET https://registry.npmjs.org/has-unicode
npm http 304 https://registry.npmjs.org/tough-cookie
npm http 304 https://registry.npmjs.org/bl
npm http 304 https://registry.npmjs.org/tunnel-agent
npm http 304 https://registry.npmjs.org/caseless
npm http 304 https://registry.npmjs.org/forever-agent
npm http 304 https://registry.npmjs.org/form-data
npm http 304 https://registry.npmjs.org/json-stringify-safe
npm http 304 https://registry.npmjs.org/mime-types
npm http 304 https://registry.npmjs.org/node-uuid
npm http 304 https://registry.npmjs.org/qs
npm http 304 https://registry.npmjs.org/has-unicode
npm http GET https://registry.npmjs.org/block-stream
npm http 304 https://registry.npmjs.org/block-stream
npm http 304 https://registry.npmjs.org/hawk/1.1.1
npm http 304 https://registry.npmjs.org/http-signature
npm http GET https://registry.npmjs.org/delayed-stream/0.0.5
npm http GET https://registry.npmjs.org/async
npm http 304 https://registry.npmjs.org/delayed-stream/0.0.5
npm http 304 https://registry.npmjs.org/async
npm http GET https://registry.npmjs.org/readable-stream
npm http 304 https://registry.npmjs.org/readable-stream
npm http GET https://registry.npmjs.org/ctype/0.5.3
npm http GET https://registry.npmjs.org/assert-plus
npm http GET https://registry.npmjs.org/asn1/0.1.11
npm http 304 https://registry.npmjs.org/assert-plus
npm http 304 https://registry.npmjs.org/asn1/0.1.11
npm http GET https://registry.npmjs.org/mime-db
npm http 304 https://registry.npmjs.org/mime-db
npm http 304 https://registry.npmjs.org/ctype/0.5.3
npm http GET https://registry.npmjs.org/inherits
npm http GET https://registry.npmjs.org/graceful-fs
npm http GET https://registry.npmjs.org/errno
npm http GET https://registry.npmjs.org/image-size
npm http GET https://registry.npmjs.org/mime
npm http GET https://registry.npmjs.org/mkdirp
npm http GET https://registry.npmjs.org/source-map
npm http GET https://registry.npmjs.org/promise
npm http 304 https://registry.npmjs.org/graceful-fs
npm http 304 https://registry.npmjs.org/mkdirp
npm http 304 https://registry.npmjs.org/source-map
npm http 304 https://registry.npmjs.org/promise
npm http 304 https://registry.npmjs.org/inherits
npm http 304 https://registry.npmjs.org/mime
npm http 304 https://registry.npmjs.org/image-size
npm http 304 https://registry.npmjs.org/errno
npm http GET https://registry.npmjs.org/prr
npm http GET https://registry.npmjs.org/asap
npm http 304 https://registry.npmjs.org/asap
npm http GET https://registry.npmjs.org/minimist/0.0.8
npm http 304 https://registry.npmjs.org/prr
npm http GET https://registry.npmjs.org/hawk
npm http 304 https://registry.npmjs.org/minimist/0.0.8
npm http GET https://registry.npmjs.org/isstream
npm http GET https://registry.npmjs.org/har-validator
npm http 304 https://registry.npmjs.org/isstream
npm http 304 https://registry.npmjs.org/hawk
npm http 304 https://registry.npmjs.org/har-validator
npm http GET https://registry.npmjs.org/commander
npm http GET https://registry.npmjs.org/is-my-json-valid
npm http GET https://registry.npmjs.org/bluebird
npm http GET https://registry.npmjs.org/chalk
npm http 304 https://registry.npmjs.org/commander
npm http 304 https://registry.npmjs.org/bluebird
npm http 304 https://registry.npmjs.org/chalk
npm http 304 https://registry.npmjs.org/is-my-json-valid
npm http GET https://registry.npmjs.org/ansi-styles
npm http GET https://registry.npmjs.org/escape-string-regexp
npm http GET https://registry.npmjs.org/has-ansi
npm http GET https://registry.npmjs.org/strip-ansi
npm http GET https://registry.npmjs.org/supports-color
npm http 304 https://registry.npmjs.org/has-ansi
npm http 304 https://registry.npmjs.org/supports-color
npm http 304 https://registry.npmjs.org/strip-ansi
npm http 304 https://registry.npmjs.org/ansi-styles
npm http GET https://registry.npmjs.org/graceful-readlink
npm http 304 https://registry.npmjs.org/graceful-readlink
npm http 304 https://registry.npmjs.org/escape-string-regexp
npm http GET https://registry.npmjs.org/ansi-regex
npm http GET https://registry.npmjs.org/ansi-regex
npm http GET https://registry.npmjs.org/get-stdin
npm http 304 https://registry.npmjs.org/ansi-regex
npm http 304 https://registry.npmjs.org/get-stdin
npm http 304 https://registry.npmjs.org/ansi-regex
npm http GET https://registry.npmjs.org/amdefine
npm http GET https://registry.npmjs.org/generate-function
npm http GET https://registry.npmjs.org/generate-object-property
npm http GET https://registry.npmjs.org/xtend
npm http GET https://registry.npmjs.org/jsonpointer
npm http 304 https://registry.npmjs.org/generate-function
npm http 304 https://registry.npmjs.org/generate-object-property
npm http 304 https://registry.npmjs.org/jsonpointer
npm http 304 https://registry.npmjs.org/xtend
npm http GET https://registry.npmjs.org/hoek
npm http GET https://registry.npmjs.org/boom
npm http GET https://registry.npmjs.org/sntp
npm http GET https://registry.npmjs.org/cryptiles
npm http 304 https://registry.npmjs.org/hoek
npm http 304 https://registry.npmjs.org/boom
npm http 304 https://registry.npmjs.org/sntp
npm http GET https://registry.npmjs.org/is-property
npm http 304 https://registry.npmjs.org/amdefine
npm http 304 https://registry.npmjs.org/is-property
npm http 304 https://registry.npmjs.org/cryptiles
npm http GET https://registry.npmjs.org/acorn-jsx
npm http GET https://registry.npmjs.org/ast-types
npm http GET https://registry.npmjs.org/convert-source-map
npm http GET https://registry.npmjs.org/core-js
npm http GET https://registry.npmjs.org/debug
npm http GET https://registry.npmjs.org/estraverse
npm http GET https://registry.npmjs.org/esquery
npm http GET https://registry.npmjs.org/detect-indent
npm http GET https://registry.npmjs.org/esutils
npm http GET https://registry.npmjs.org/fs-readdir-recursive
npm http GET https://registry.npmjs.org/globals
npm http GET https://registry.npmjs.org/home-or-tmp
npm http GET https://registry.npmjs.org/is-integer
npm http GET https://registry.npmjs.org/js-tokens/1.0.0
npm http GET https://registry.npmjs.org/leven
npm http GET https://registry.npmjs.org/line-numbers/0.2.0
npm http GET https://registry.npmjs.org/lodash
npm http GET https://registry.npmjs.org/output-file-sync
npm http GET https://registry.npmjs.org/path-is-absolute
npm http GET https://registry.npmjs.org/private
npm http GET https://registry.npmjs.org/regexpu
npm http GET https://registry.npmjs.org/repeating
npm http GET https://registry.npmjs.org/regenerator
npm http GET https://registry.npmjs.org/resolve
npm http GET https://registry.npmjs.org/shebang-regex
npm http GET https://registry.npmjs.org/slash
npm http 304 https://registry.npmjs.org/ast-types
npm http GET https://registry.npmjs.org/source-map-support
npm http GET https://registry.npmjs.org/to-fast-properties
npm http GET https://registry.npmjs.org/strip-json-comments
npm http GET https://registry.npmjs.org/trim-right
npm http 304 https://registry.npmjs.org/estraverse
npm http 304 https://registry.npmjs.org/convert-source-map
npm http 304 https://registry.npmjs.org/acorn-jsx
npm http 304 https://registry.npmjs.org/core-js
npm http 304 https://registry.npmjs.org/debug
npm http 304 https://registry.npmjs.org/detect-indent
npm http 304 https://registry.npmjs.org/fs-readdir-recursive
npm http 304 https://registry.npmjs.org/esutils
npm http 304 https://registry.npmjs.org/is-integer
npm http 304 https://registry.npmjs.org/leven
npm http 304 https://registry.npmjs.org/line-numbers/0.2.0
npm http 304 https://registry.npmjs.org/lodash
npm http 304 https://registry.npmjs.org/js-tokens/1.0.0
npm http 304 https://registry.npmjs.org/output-file-sync
npm http 304 https://registry.npmjs.org/private
npm http 304 https://registry.npmjs.org/path-is-absolute
npm http 304 https://registry.npmjs.org/regexpu
npm http 304 https://registry.npmjs.org/repeating
npm http 304 https://registry.npmjs.org/resolve
npm http 304 https://registry.npmjs.org/regenerator
npm http 304 https://registry.npmjs.org/slash
npm http 304 https://registry.npmjs.org/source-map-support
npm http 304 https://registry.npmjs.org/to-fast-properties
npm http 304 https://registry.npmjs.org/strip-json-comments
npm http 304 https://registry.npmjs.org/trim-right
npm http 304 https://registry.npmjs.org/shebang-regex
npm http 304 https://registry.npmjs.org/esquery
npm http 304 https://registry.npmjs.org/home-or-tmp
npm http 304 https://registry.npmjs.org/globals
npm http GET https://registry.npmjs.org/os-tmpdir
npm http GET https://registry.npmjs.org/user-home
npm http GET https://registry.npmjs.org/meow
npm http GET https://registry.npmjs.org/is-finite
npm http 304 https://registry.npmjs.org/user-home
npm http GET https://registry.npmjs.org/minimist
npm http GET https://registry.npmjs.org/is-nan
npm http 304 https://registry.npmjs.org/is-finite
npm http 304 https://registry.npmjs.org/meow
npm http 304 https://registry.npmjs.org/minimist
npm http 304 https://registry.npmjs.org/is-nan
npm http 304 https://registry.npmjs.org/os-tmpdir
npm http GET https://registry.npmjs.org/left-pad/0.0.3
npm http 304 https://registry.npmjs.org/left-pad/0.0.3
npm http GET https://registry.npmjs.org/number-is-nan
npm http GET https://registry.npmjs.org/camelcase-keys
npm http GET https://registry.npmjs.org/indent-string
npm http 304 https://registry.npmjs.org/number-is-nan
npm http GET https://registry.npmjs.org/ms/0.7.1
npm http 304 https://registry.npmjs.org/camelcase-keys
npm http 304 https://registry.npmjs.org/indent-string
npm http 304 https://registry.npmjs.org/ms/0.7.1
npm http GET https://registry.npmjs.org/recast
npm http GET https://registry.npmjs.org/regenerate
npm http GET https://registry.npmjs.org/regjsgen
npm http GET https://registry.npmjs.org/regjsparser
npm http GET https://registry.npmjs.org/brace-expansion
npm http 304 https://registry.npmjs.org/recast
npm http 304 https://registry.npmjs.org/brace-expansion
npm http 304 https://registry.npmjs.org/regjsgen
npm http GET https://registry.npmjs.org/camelcase
npm http GET https://registry.npmjs.org/map-obj
npm http 304 https://registry.npmjs.org/camelcase
npm http 304 https://registry.npmjs.org/map-obj
npm http 304 https://registry.npmjs.org/regjsparser
npm http 304 https://registry.npmjs.org/regenerate
npm http GET https://registry.npmjs.org/through
npm http GET https://registry.npmjs.org/defs
npm http GET https://registry.npmjs.org/commoner
npm http GET https://registry.npmjs.org/esprima-fb
npm http 304 https://registry.npmjs.org/esprima-fb
npm http 304 https://registry.npmjs.org/through
npm http 304 https://registry.npmjs.org/commoner
npm http GET https://registry.npmjs.org/acorn
npm http 304 https://registry.npmjs.org/acorn
npm http 304 https://registry.npmjs.org/defs
npm http GET https://registry.npmjs.org/jsesc
npm http GET https://registry.npmjs.org/source-map/0.1.32
npm http 304 https://registry.npmjs.org/jsesc

> node-sass@3.1.2 install /var/www/releases/20150525101439/node_modules/laravel-elixir/node_modules/gulp-sass/node_modules/node-sass
> node scripts/install.js

npm WARN This failure might be due to the use of legacy binary "node"
npm WARN For further explanations, please read
/usr/share/doc/nodejs/README.Debian
 
npm http 304 https://registry.npmjs.org/source-map/0.1.32
npm ERR! Error: ENOENT, lstat '/var/www/releases/20150525101439/node_modules/laravel-elixir/node_modules/babelify/node_modules/babel-core/node_modules/regenerator/node_modules/defs/BUILD.md'
npm ERR! If you need help, you may report this log at:
npm ERR!     <http://github.com/isaacs/npm/issues>
npm ERR! or email it to:
npm ERR!     <npm-@googlegroups.com>

npm ERR! System Linux 3.13.0-43-generic
npm ERR! command "/usr/bin/nodejs" "/usr/bin/npm" "install"
npm ERR! cwd /var/www/releases/20150525101439
npm ERR! node -v v0.10.25
npm ERR! npm -v 1.3.10
npm ERR! path /var/www/releases/20150525101439/node_modules/laravel-elixir/node_modules/babelify/node_modules/babel-core/node_modules/regenerator/node_modules/defs/BUILD.md
npm ERR! fstream_path /var/www/releases/20150525101439/node_modules/laravel-elixir/node_modules/babelify/node_modules/babel-core/node_modules/regenerator/node_modules/defs/BUILD.md
npm ERR! fstream_type File
npm ERR! fstream_class FileWriter
npm ERR! code ENOENT
npm ERR! errno 34
npm ERR! fstream_stack /usr/lib/nodejs/fstream/lib/writer.js:284:26
npm ERR! fstream_stack Object.oncomplete (fs.js:107:15)
npm ERR! EEXIST, mkdir '/var/www/releases/20150525101439/node_modules/laravel-elixir/node_modules/npm/node_modules/init-package-json/node_modules/promzard/example/npm-init'
File exists: /var/www/releases/20150525101439/node_modules/laravel-elixir/node_modules/npm/node_modules/init-package-json/node_modules/promzard/example/npm-init
Move it away, and try again. 

npm ERR! System Linux 3.13.0-43-generic
npm ERR! command "/usr/bin/nodejs" "/usr/bin/npm" "install"
npm ERR! cwd /var/www/releases/20150525101439
npm ERR! node -v v0.10.25
npm ERR! npm -v 1.3.10
npm ERR! path /var/www/releases/20150525101439/node_modules/laravel-elixir/node_modules/npm/node_modules/init-package-json/node_modules/promzard/example/npm-init
npm ERR! fstream_path /var/www/releases/20150525101439/node_modules/laravel-elixir/node_modules/npm/node_modules/init-package-json/node_modules/promzard/example/npm-init/init-input.js
npm ERR! fstream_type File
npm ERR! fstream_class FileWriter
npm ERR! code EEXIST
npm ERR! errno 47
npm ERR! fstream_stack /usr/lib/nodejs/fstream/lib/writer.js:171:23
npm ERR! fstream_stack /usr/lib/nodejs/mkdirp/index.js:37:53
npm ERR! fstream_stack Object.oncomplete (fs.js:107:15)
npm ERR! Error: ENOENT, open '/var/www/releases/20150525101439/node_modules/laravel-elixir/node_modules/babelify/node_modules/babel-core/node_modules/regexpu/node_modules/recast/lib/printer.js'
npm ERR! If you need help, you may report this log at:
npm ERR!     <http://github.com/isaacs/npm/issues>
npm ERR! or email it to:
npm ERR!     <npm-@googlegroups.com>

npm ERR! System Linux 3.13.0-43-generic
npm ERR! command "/usr/bin/nodejs" "/usr/bin/npm" "install"
npm ERR! cwd /var/www/releases/20150525101439
npm ERR! node -v v0.10.25
npm ERR! npm -v 1.3.10
npm ERR! path /var/www/releases/20150525101439/node_modules/laravel-elixir/node_modules/babelify/node_modules/babel-core/node_modules/regexpu/node_modules/recast/lib/printer.js
npm ERR! code ENOENT
npm ERR! errno 34
npm ERR! error rolling back Error: ENOTEMPTY, rmdir '/var/www/releases/20150525101439/node_modules/laravel-elixir/node_modules/babelify/node_modules/babel-core/node_modules/resolve/test/module_dir'
npm ERR! error rolling back  laravel-elixir@1.0.3 { [Error: ENOTEMPTY, rmdir '/var/www/releases/20150525101439/node_modules/laravel-elixir/node_modules/babelify/node_modules/babel-core/node_modules/resolve/test/module_dir']
npm ERR! error rolling back   errno: 53,
npm ERR! error rolling back   code: 'ENOTEMPTY',
npm ERR! error rolling back   path: '/var/www/releases/20150525101439/node_modules/laravel-elixir/node_modules/babelify/node_modules/babel-core/node_modules/resolve/test/module_dir' }
npm ERR! weird error 1
npm ERR! Error: ENOENT, lstat '/var/www/releases/20150525101439/node_modules/laravel-elixir/node_modules/babelify/node_modules/babel-core/node_modules/source-map-support/node_modules/source-map/build/mini-require.js'
npm ERR! If you need help, you may report this log at:
npm ERR!     <http://github.com/isaacs/npm/issues>
npm ERR! or email it to:
npm ERR!     <npm-@googlegroups.com>

npm ERR! System Linux 3.13.0-43-generic
npm ERR! command "/usr/bin/nodejs" "/usr/bin/npm" "install"
npm ERR! cwd /var/www/releases/20150525101439
npm ERR! node -v v0.10.25
npm ERR! npm -v 1.3.10
npm ERR! path /var/www/releases/20150525101439/node_modules/laravel-elixir/node_modules/babelify/node_modules/babel-core/node_modules/source-map-support/node_modules/source-map/build/mini-require.js
npm ERR! fstream_path /var/www/releases/20150525101439/node_modules/laravel-elixir/node_modules/babelify/node_modules/babel-core/node_modules/source-map-support/node_modules/source-map/build/mini-require.js
npm ERR! fstream_type File
npm ERR! fstream_class FileWriter
npm ERR! code ENOENT
npm ERR! errno 34
npm ERR! fstream_stack /usr/lib/nodejs/fstream/lib/writer.js:284:26
npm ERR! fstream_stack Object.oncomplete (fs.js:107:15)
npm ERR! Error: ENOENT, lstat '/var/www/releases/20150525101439/node_modules/laravel-elixir/node_modules/babelify/node_modules/babel-core/node_modules/regenerator/node_modules/commoner/lib/util.js'
npm ERR! If you need help, you may report this log at:
npm ERR!     <http://github.com/isaacs/npm/issues>
npm ERR! or email it to:
npm ERR!     <npm-@googlegroups.com>

npm ERR! System Linux 3.13.0-43-generic
npm ERR! command "/usr/bin/nodejs" "/usr/bin/npm" "install"
npm ERR! cwd /var/www/releases/20150525101439
npm ERR! node -v v0.10.25
npm ERR! npm -v 1.3.10
npm ERR! path /var/www/releases/20150525101439/node_modules/laravel-elixir/node_modules/babelify/node_modules/babel-core/node_modules/regenerator/node_modules/commoner/lib/util.js
npm ERR! fstream_path /var/www/releases/20150525101439/node_modules/laravel-elixir/node_modules/babelify/node_modules/babel-core/node_modules/regenerator/node_modules/commoner/lib/util.js
npm ERR! fstream_type File
npm ERR! fstream_class FileWriter
npm ERR! code ENOENT
npm ERR! errno 34
npm ERR! fstream_stack /usr/lib/nodejs/fstream/lib/writer.js:284:26
npm ERR! fstream_stack Object.oncomplete (fs.js:107:15)
npm ERR! Error: ENOENT, lstat '/var/www/releases/20150525101439/node_modules/laravel-elixir/node_modules/babelify/node_modules/babel-core/node_modules/source-map/dist/test/test_util.js'
npm ERR! If you need help, you may report this log at:
npm ERR!     <http://github.com/isaacs/npm/issues>
npm ERR! or email it to:
npm ERR!     <npm-@googlegroups.com>

npm ERR! System Linux 3.13.0-43-generic
npm ERR! command "/usr/bin/nodejs" "/usr/bin/npm" "install"
npm ERR! cwd /var/www/releases/20150525101439
npm ERR! node -v v0.10.25
npm ERR! npm -v 1.3.10
npm ERR! path /var/www/releases/20150525101439/node_modules/laravel-elixir/node_modules/babelify/node_modules/babel-core/node_modules/source-map/dist/test/test_util.js
npm ERR! fstream_path /var/www/releases/20150525101439/node_modules/laravel-elixir/node_modules/babelify/node_modules/babel-core/node_modules/source-map/dist/test/test_util.js
npm ERR! fstream_type File
npm ERR! fstream_class FileWriter
npm ERR! code ENOENT
npm ERR! errno 34
npm ERR! fstream_stack /usr/lib/nodejs/fstream/lib/writer.js:284:26
npm ERR! fstream_stack Object.oncomplete (fs.js:107:15)
npm ERR! Error: ENOENT, lstat '/var/www/releases/20150525101439/node_modules/laravel-elixir/node_modules/babelify/node_modules/babel-core/node_modules/bluebird/js/main/promise.js'
npm ERR! If you need help, you may report this log at:
npm ERR!     <http://github.com/isaacs/npm/issues>
npm ERR! or email it to:
npm ERR!     <npm-@googlegroups.com>

npm ERR! System Linux 3.13.0-43-generic
npm ERR! command "/usr/bin/nodejs" "/usr/bin/npm" "install"
npm ERR! cwd /var/www/releases/20150525101439
npm ERR! node -v v0.10.25
npm ERR! npm -v 1.3.10
npm ERR! path /var/www/releases/20150525101439/node_modules/laravel-elixir/node_modules/babelify/node_modules/babel-core/node_modules/bluebird/js/main/promise.js
npm ERR! fstream_path /var/www/releases/20150525101439/node_modules/laravel-elixir/node_modules/babelify/node_modules/babel-core/node_modules/bluebird/js/main/promise.js
npm ERR! fstream_type File
npm ERR! fstream_class FileWriter
npm ERR! code ENOENT
npm ERR! errno 34
npm ERR! fstream_stack /usr/lib/nodejs/fstream/lib/writer.js:284:26
npm ERR! fstream_stack Object.oncomplete (fs.js:107:15)
npm ERR! Error: ENOENT, lstat '/var/www/releases/20150525101439/node_modules/laravel-elixir/node_modules/babelify/node_modules/babel-core/node_modules/acorn-jsx/node_modules/acorn/dist/acorn.js'
npm ERR! If you need help, you may report this log at:
npm ERR!     <http://github.com/isaacs/npm/issues>
npm ERR! or email it to:
npm ERR!     <npm-@googlegroups.com>

npm ERR! System Linux 3.13.0-43-generic
npm ERR! command "/usr/bin/nodejs" "/usr/bin/npm" "install"
npm ERR! cwd /var/www/releases/20150525101439
npm ERR! node -v v0.10.25
npm ERR! npm -v 1.3.10
npm ERR! path /var/www/releases/20150525101439/node_modules/laravel-elixir/node_modules/babelify/node_modules/babel-core/node_modules/acorn-jsx/node_modules/acorn/dist/acorn.js
npm ERR! fstream_path /var/www/releases/20150525101439/node_modules/laravel-elixir/node_modules/babelify/node_modules/babel-core/node_modules/acorn-jsx/node_modules/acorn/dist/acorn.js
npm ERR! fstream_type File
npm ERR! fstream_class FileWriter
npm ERR! code ENOENT
npm ERR! errno 34
npm ERR! fstream_stack /usr/lib/nodejs/fstream/lib/writer.js:284:26
npm ERR! fstream_stack Object.oncomplete (fs.js:107:15)
npm ERR! Error: ENOENT, lstat '/var/www/releases/20150525101439/node_modules/laravel-elixir/node_modules/babelify/node_modules/babel-core/node_modules/core-js/client/library.js'
npm ERR! If you need help, you may report this log at:
npm ERR!     <http://github.com/isaacs/npm/issues>
npm ERR! or email it to:
npm ERR!     <npm-@googlegroups.com>

npm ERR! System Linux 3.13.0-43-generic
npm ERR! command "/usr/bin/nodejs" "/usr/bin/npm" "install"
npm ERR! cwd /var/www/releases/20150525101439
npm ERR! node -v v0.10.25
npm ERR! npm -v 1.3.10
npm ERR! path /var/www/releases/20150525101439/node_modules/laravel-elixir/node_modules/babelify/node_modules/babel-core/node_modules/core-js/client/library.js
npm ERR! fstream_path /var/www/releases/20150525101439/node_modules/laravel-elixir/node_modules/babelify/node_modules/babel-core/node_modules/core-js/client/library.js
npm ERR! fstream_type File
npm ERR! fstream_class FileWriter
npm ERR! code ENOENT
npm ERR! errno 34
npm ERR! fstream_stack /usr/lib/nodejs/fstream/lib/writer.js:284:26
npm ERR! fstream_stack Object.oncomplete (fs.js:107:15)
npm ERR! Error: ENOENT, lstat '/var/www/releases/20150525101439/node_modules/laravel-elixir/node_modules/babelify/node_modules/babel-core/node_modules/regenerator/node_modules/esprima-fb/esprima.js'
npm ERR! If you need help, you may report this log at:
npm ERR!     <http://github.com/isaacs/npm/issues>
npm ERR! or email it to:
npm ERR!     <npm-@googlegroups.com>

npm ERR! System Linux 3.13.0-43-generic
npm ERR! command "/usr/bin/nodejs" "/usr/bin/npm" "install"
npm ERR! cwd /var/www/releases/20150525101439
npm ERR! node -v v0.10.25
npm ERR! npm -v 1.3.10
npm ERR! path /var/www/releases/20150525101439/node_modules/laravel-elixir/node_modules/babelify/node_modules/babel-core/node_modules/regenerator/node_modules/esprima-fb/esprima.js
npm ERR! fstream_path /var/www/releases/20150525101439/node_modules/laravel-elixir/node_modules/babelify/node_modules/babel-core/node_modules/regenerator/node_modules/esprima-fb/esprima.js
npm ERR! fstream_type File
npm ERR! fstream_class FileWriter
npm ERR! code ENOENT
npm ERR! errno 34
npm ERR! fstream_stack /usr/lib/nodejs/fstream/lib/writer.js:284:26
npm ERR! fstream_stack Object.oncomplete (fs.js:107:15)
npm ERR! Error: ENOENT, lstat '/var/www/releases/20150525101439/node_modules/laravel-elixir/node_modules/babelify/node_modules/babel-core/node_modules/lodash/index.js'
npm ERR! If you need help, you may report this log at:
npm ERR!     <http://github.com/isaacs/npm/issues>
npm ERR! or email it to:
npm ERR!     <npm-@googlegroups.com>

npm ERR! System Linux 3.13.0-43-generic
npm ERR! command "/usr/bin/nodejs" "/usr/bin/npm" "install"
npm ERR! cwd /var/www/releases/20150525101439
npm ERR! node -v v0.10.25
npm ERR! npm -v 1.3.10
npm ERR! path /var/www/releases/20150525101439/node_modules/laravel-elixir/node_modules/babelify/node_modules/babel-core/node_modules/lodash/index.js
npm ERR! fstream_path /var/www/releases/20150525101439/node_modules/laravel-elixir/node_modules/babelify/node_modules/babel-core/node_modules/lodash/index.js
npm ERR! fstream_type File
npm ERR! fstream_class FileWriter
npm ERR! code ENOENT
npm ERR! errno 34
npm ERR! fstream_stack /usr/lib/nodejs/fstream/lib/writer.js:284:26
npm ERR! fstream_stack Object.oncomplete (fs.js:107:15)
npm ERR! Error: ENOENT, lstat '/home/deployer/tmp/npm-26034-3SCMgu3r/1432548898683-0.01735171163454652/package/vendor/notifu/notifu64.pdb'
npm ERR! If you need help, you may report this log at:
npm ERR!     <http://github.com/isaacs/npm/issues>
npm ERR! or email it to:
npm ERR!     <npm-@googlegroups.com>

npm ERR! System Linux 3.13.0-43-generic
npm ERR! command "/usr/bin/nodejs" "/usr/bin/npm" "install"
npm ERR! cwd /var/www/releases/20150525101439
npm ERR! node -v v0.10.25
npm ERR! npm -v 1.3.10
npm ERR! path /home/deployer/tmp/npm-26034-3SCMgu3r/1432548898683-0.01735171163454652/package/vendor/notifu/notifu64.pdb
npm ERR! fstream_path /home/deployer/tmp/npm-26034-3SCMgu3r/1432548898683-0.01735171163454652/package/vendor/notifu/notifu64.pdb
npm ERR! fstream_type File
npm ERR! fstream_class FileWriter
npm ERR! code ENOENT
npm ERR! errno 34
npm ERR! fstream_stack /usr/lib/nodejs/fstream/lib/writer.js:284:26
npm ERR! fstream_stack Object.oncomplete (fs.js:107:15)
npm http GET https://registry.npmjs.org/esprima-fb
npm http 304 https://registry.npmjs.org/esprima-fb
npm ERR! 
npm ERR! Additional logging details can be found in:
npm ERR!     /var/www/releases/20150525101439/npm-debug.log
npm ERR! not ok code 0
/usr/local/bin/bower
$ cd /var/www//releases/20150525101439
$ chmod -R 755 storage
$ chmod -R g+s storage
$ chown -R www-data:www-data storage
cd /var/www//releases/20150525101439
chmod -R 755 storage
chmod -R g+s storage
chown -R www-data:www-data storage
chown: changing ownership of storage/framework/sessions/.gitignore: Operation not permitted
chown: changing ownership of storage/framework/sessions: Operation not permitted
chown: changing ownership of storage/framework/cache/.gitignore: Operation not permitted
chown: changing ownership of storage/framework/cache: Operation not permitted
chown: changing ownership of storage/framework/views/.gitignore: Operation not permitted
chown: changing ownership of storage/framework/views: Operation not permitted
chown: changing ownership of storage/framework/.gitignore: Operation not permitted
chown: changing ownership of storage/framework: Operation not permitted
chown: changing ownership of storage/app/.gitignore: Operation not permitted
chown: changing ownership of storage/app: Operation not permitted
chown: changing ownership of storage/logs/.gitignore: Operation not permitted
chown: changing ownership of storage/logs: Operation not permitted
chown: changing ownership of storage/cache/e1c3b13bf1e3c56bacaae001d9ffcc4d.spc: Operation not permitted
chown: changing ownership of storage/cache/53c5ef446ad94e7a183184405f8066af.spc: Operation not permitted
chown: changing ownership of storage/cache/a9aa49efc362176dde521adbb04a80c2.spc: Operation not permitted
chown: changing ownership of storage/cache/7d52398992fc65b2b29c4bd02903d30f.spc: Operation not permitted
chown: changing ownership of storage/cache/636214943badfcae9880844523ae7ed1.spc: Operation not permitted
chown: changing ownership of storage/cache/a8125aa761f75b13ea12ad2d89fbc3a6.spc: Operation not permitted
chown: changing ownership of storage/cache/8abb54f50a80f52cfe0779bce7ee0ed8.spc: Operation not permitted
chown: changing ownership of storage/cache/f52ed8c534a9a161e74c7b34e79c9f24.spc: Operation not permitted
chown: changing ownership of storage/cache/3e038e0fad37992d8e2b2527e2d197c2.spc: Operation not permitted
chown: changing ownership of storage/cache/cbbe2720da667784da1aee7dc13da6f9.spc: Operation not permitted
chown: changing ownership of storage/cache/4e5aba16b7b81fcab29593d15615965c.spc: Operation not permitted
chown: changing ownership of storage/cache/fa736b27a4ac645b8161f4a084aa97f7.spc: Operation not permitted
chown: changing ownership of storage/cache/bb5ec8267af0ae0dd769f43b54b9097f.spc: Operation not permitted
chown: changing ownership of storage/cache: Operation not permitted
chown: changing ownership of storage/.gitignore: Operation not permitted
chown: changing ownership of storage: Operation not permitted
$ cd /var/www//releases/20150525101439
$ chmod -R 755 storage
$ chmod -R g+s storage
$ chown -R www-data:www-data storage
cd /var/www//releases/20150525101439
chmod -R 755 storage
chmod -R g+s storage
chown -R www-data:www-data storage
chown: changing ownership of storage/framework/sessions/.gitignore: Operation not permitted
chown: changing ownership of storage/framework/sessions: Operation not permitted
chown: changing ownership of storage/framework/cache/.gitignore: Operation not permitted
chown: changing ownership of storage/framework/cache: Operation not permitted
chown: changing ownership of storage/framework/views/.gitignore: Operation not permitted
chown: changing ownership of storage/framework/views: Operation not permitted
chown: changing ownership of storage/framework/.gitignore: Operation not permitted
chown: changing ownership of storage/framework: Operation not permitted
chown: changing ownership of storage/app/.gitignore: Operation not permitted
chown: changing ownership of storage/app: Operation not permitted
chown: changing ownership of storage/logs/.gitignore: Operation not permitted
chown: changing ownership of storage/logs: Operation not permitted
chown: changing ownership of storage/cache/e1c3b13bf1e3c56bacaae001d9ffcc4d.spc: Operation not permitted
chown: changing ownership of storage/cache/53c5ef446ad94e7a183184405f8066af.spc: Operation not permitted
chown: changing ownership of storage/cache/a9aa49efc362176dde521adbb04a80c2.spc: Operation not permitted
chown: changing ownership of storage/cache/7d52398992fc65b2b29c4bd02903d30f.spc: Operation not permitted
chown: changing ownership of storage/cache/636214943badfcae9880844523ae7ed1.spc: Operation not permitted
chown: changing ownership of storage/cache/a8125aa761f75b13ea12ad2d89fbc3a6.spc: Operation not permitted
chown: changing ownership of storage/cache/8abb54f50a80f52cfe0779bce7ee0ed8.spc: Operation not permitted
chown: changing ownership of storage/cache/f52ed8c534a9a161e74c7b34e79c9f24.spc: Operation not permitted
chown: changing ownership of storage/cache/3e038e0fad37992d8e2b2527e2d197c2.spc: Operation not permitted
chown: changing ownership of storage/cache/cbbe2720da667784da1aee7dc13da6f9.spc: Operation not permitted
chown: changing ownership of storage/cache/4e5aba16b7b81fcab29593d15615965c.spc: Operation not permitted
chown: changing ownership of storage/cache/fa736b27a4ac645b8161f4a084aa97f7.spc: Operation not permitted
chown: changing ownership of storage/cache/bb5ec8267af0ae0dd769f43b54b9097f.spc: Operation not permitted
chown: changing ownership of storage/cache: Operation not permitted
chown: changing ownership of storage/.gitignore: Operation not permitted
chown: changing ownership of storage: Operation not permitted
$ cd /var/www//releases/20150525101439
$ chmod -R 755 storage
$ chmod -R g+s storage
$ chown -R www-data:www-data storage
cd /var/www//releases/20150525101439
chmod -R 755 storage
chmod -R g+s storage
chown -R www-data:www-data storage
chown: changing ownership of storage/framework/sessions/.gitignore: Operation not permitted
chown: changing ownership of storage/framework/sessions: Operation not permitted
chown: changing ownership of storage/framework/cache/.gitignore: Operation not permitted
chown: changing ownership of storage/framework/cache: Operation not permitted
chown: changing ownership of storage/framework/views/.gitignore: Operation not permitted
chown: changing ownership of storage/framework/views: Operation not permitted
chown: changing ownership of storage/framework/.gitignore: Operation not permitted
chown: changing ownership of storage/framework: Operation not permitted
chown: changing ownership of storage/app/.gitignore: Operation not permitted
chown: changing ownership of storage/app: Operation not permitted
chown: changing ownership of storage/logs/.gitignore: Operation not permitted
chown: changing ownership of storage/logs: Operation not permitted
chown: changing ownership of storage/cache/e1c3b13bf1e3c56bacaae001d9ffcc4d.spc: Operation not permitted
chown: changing ownership of storage/cache/53c5ef446ad94e7a183184405f8066af.spc: Operation not permitted
chown: changing ownership of storage/cache/a9aa49efc362176dde521adbb04a80c2.spc: Operation not permitted
chown: changing ownership of storage/cache/7d52398992fc65b2b29c4bd02903d30f.spc: Operation not permitted
chown: changing ownership of storage/cache/636214943badfcae9880844523ae7ed1.spc: Operation not permitted
chown: changing ownership of storage/cache/a8125aa761f75b13ea12ad2d89fbc3a6.spc: Operation not permitted
chown: changing ownership of storage/cache/8abb54f50a80f52cfe0779bce7ee0ed8.spc: Operation not permitted
chown: changing ownership of storage/cache/f52ed8c534a9a161e74c7b34e79c9f24.spc: Operation not permitted
chown: changing ownership of storage/cache/3e038e0fad37992d8e2b2527e2d197c2.spc: Operation not permitted
chown: changing ownership of storage/cache/cbbe2720da667784da1aee7dc13da6f9.spc: Operation not permitted
chown: changing ownership of storage/cache/4e5aba16b7b81fcab29593d15615965c.spc: Operation not permitted
chown: changing ownership of storage/cache/fa736b27a4ac645b8161f4a084aa97f7.spc: Operation not permitted
chown: changing ownership of storage/cache/bb5ec8267af0ae0dd769f43b54b9097f.spc: Operation not permitted
chown: changing ownership of storage/cache: Operation not permitted
chown: changing ownership of storage/.gitignore: Operation not permitted
chown: changing ownership of storage: Operation not permitted
$ rm -rf /var/www//releases/20150525101439/storage/logs
rm -rf /var/www//releases/20150525101439/storage/logs

$ ln -s /var/www//shared/storage/logs /var/www//releases/20150525101439/storage/logs-temp
$ mv -Tf /var/www//releases/20150525101439/storage/logs-temp /var/www//releases/20150525101439/storage/logs
ln -s /var/www//shared/storage/logs /var/www//releases/20150525101439/storage/logs-temp
mv -Tf /var/www//releases/20150525101439/storage/logs-temp /var/www//releases/20150525101439/storage/logs

$ ln -s /var/www//releases/20150525101439 /var/www//current-temp
$ mv -Tf /var/www//current-temp /var/www//current
ln -s /var/www//releases/20150525101439 /var/www//current-temp
mv -Tf /var/www//current-temp /var/www//current

$ rm -rf /var/www//releases/20150518145951
rm -rf /var/www//releases/20150518145951

|=> Removing <info>1 release</info> from the server